0 info it worked if it ends with ok
1 verbose cli [ '/usr/local/Cellar/node/7.7.3/bin/node',
1 verbose cli   '/usr/local/bin/npm',
1 verbose cli   'run',
1 verbose cli   'dev' ]
2 info using npm@4.1.2
3 info using node@v7.7.3
4 verbose run-script [ 'predev', 'dev', 'postdev' ]
5 info lifecycle console2-maintenance-api@1.0.0~predev: console2-maintenance-api@1.0.0
6 silly lifecycle console2-maintenance-api@1.0.0~predev: no script for predev, continuing
7 info lifecycle console2-maintenance-api@1.0.0~dev: console2-maintenance-api@1.0.0
8 verbose lifecycle console2-maintenance-api@1.0.0~dev: unsafe-perm in lifecycle true
9 verbose lifecycle console2-maintenance-api@1.0.0~dev: PATH: /usr/local/lib/node_modules/npm/bin/node-gyp-bin:/Users/jmooyman/repos/private/medication-ordering/medication-ordering-api/node_modules/.bin:/usr/bin:/usr/local/bin:/bin:/usr/sbin:/sbin:/Users/jmooyman/Library/Android/sdk/tools:/Users/jmooyman/Library/Android/sdk/platform-tools:/Users/jmooyman/Library/Android/sdk/tools/bin:/Users/jmooyman/Library/Android/sdk/platform-tools/bin:/Users/jmooyman/Library/Android/sdk/ndk-bundle:/Users/jmooyman/go/bin
10 verbose lifecycle console2-maintenance-api@1.0.0~dev: CWD: /Users/jmooyman/repos/private/medication-ordering/medication-ordering-api
11 silly lifecycle console2-maintenance-api@1.0.0~dev: Args: [ '-c', 'json-server --watch db.json' ]
12 silly lifecycle console2-maintenance-api@1.0.0~dev: Returned: code: 1  signal: null
13 info lifecycle console2-maintenance-api@1.0.0~dev: Failed to exec dev script
14 verbose stack Error: console2-maintenance-api@1.0.0 dev: `json-server --watch db.json`
14 verbose stack Exit status 1
14 verbose stack     at EventEmitter.<anonymous> (/usr/local/lib/node_modules/npm/lib/utils/lifecycle.js:279:16)
14 verbose stack     at emitTwo (events.js:106:13)
14 verbose stack     at EventEmitter.emit (events.js:194:7)
14 verbose stack     at ChildProcess.<anonymous> (/usr/local/lib/node_modules/npm/lib/utils/spawn.js:40:14)
14 verbose stack     at emitTwo (events.js:106:13)
14 verbose stack     at ChildProcess.emit (events.js:194:7)
14 verbose stack     at maybeClose (internal/child_process.js:899:16)
14 verbose stack     at Process.ChildProcess._handle.onexit (internal/child_process.js:226:5)
15 verbose pkgid console2-maintenance-api@1.0.0
16 verbose cwd /Users/jmooyman/repos/private/medication-ordering/medication-ordering-api
17 error Darwin 16.4.0
18 error argv "/usr/local/Cellar/node/7.7.3/bin/node" "/usr/local/bin/npm" "run" "dev"
19 error node v7.7.3
20 error npm  v4.1.2
21 error code ELIFECYCLE
22 error console2-maintenance-api@1.0.0 dev: `json-server --watch db.json`
22 error Exit status 1
23 error Failed at the console2-maintenance-api@1.0.0 dev script 'json-server --watch db.json'.
23 error Make sure you have the latest version of node.js and npm installed.
23 error If you do, this is most likely a problem with the console2-maintenance-api package,
23 error not with npm itself.
23 error Tell the author that this fails on your system:
23 error     json-server --watch db.json
23 error You can get information on how to open an issue for this project with:
23 error     npm bugs console2-maintenance-api
23 error Or if that isn't available, you can get their info via:
23 error     npm owner ls console2-maintenance-api
23 error There is likely additional logging output above.
24 verbose exit [ 1, true ]
